[0.023s] Invoking command in '/home/harryzhao/autonomy_ws/build/autonomy_repo': CMAKE_PREFIX_PATH=${CMAKE_PREFIX_PATH}:/opt/ros/humble /usr/bin/cmake --build /home/harryzhao/autonomy_ws/build/autonomy_repo -- -j2 -l2
[0.121s] Invoked command in '/home/harryzhao/autonomy_ws/build/autonomy_repo' returned '0': CMAKE_PREFIX_PATH=${CMAKE_PREFIX_PATH}:/opt/ros/humble /usr/bin/cmake --build /home/harryzhao/autonomy_ws/build/autonomy_repo -- -j2 -l2
[0.163s] Invoking command in '/home/harryzhao/autonomy_ws/build/autonomy_repo': CMAKE_PREFIX_PATH=${CMAKE_PREFIX_PATH}:/opt/ros/humble /usr/bin/cmake --install /home/harryzhao/autonomy_ws/build/autonomy_repo
[0.170s] -- Install configuration: ""
[0.170s] -- Installing: /home/harryzhao/autonomy_ws/install/autonomy_repo/lib/autonomy_repo/heading_controller.py
[0.170s] -- Up-to-date: /home/harryzhao/autonomy_ws/install/autonomy_repo/lib/autonomy_repo/p3_plot.py
[0.171s] -- Up-to-date: /home/harryzhao/autonomy_ws/install/autonomy_repo/share/autonomy_repo/launch
[0.171s] -- Up-to-date: /home/harryzhao/autonomy_ws/install/autonomy_repo/share/autonomy_repo/launch/heading_control.launch.py
[0.171s] -- Up-to-date: /home/harryzhao/autonomy_ws/install/autonomy_repo/share/autonomy_repo/rviz
[0.171s] -- Up-to-date: /home/harryzhao/autonomy_ws/install/autonomy_repo/share/autonomy_repo/rviz/default.rviz
[0.171s] -- Up-to-date: /home/harryzhao/autonomy_ws/install/autonomy_repo/share/ament_index/resource_index/package_run_dependencies/autonomy_repo
[0.171s] -- Up-to-date: /home/harryzhao/autonomy_ws/install/autonomy_repo/share/ament_index/resource_index/parent_prefix_path/autonomy_repo
[0.171s] -- Up-to-date: /home/harryzhao/autonomy_ws/install/autonomy_repo/share/autonomy_repo/environment/ament_prefix_path.sh
[0.171s] -- Up-to-date: /home/harryzhao/autonomy_ws/install/autonomy_repo/share/autonomy_repo/environment/ament_prefix_path.dsv
[0.172s] -- Up-to-date: /home/harryzhao/autonomy_ws/install/autonomy_repo/share/autonomy_repo/environment/path.sh
[0.172s] -- Up-to-date: /home/harryzhao/autonomy_ws/install/autonomy_repo/share/autonomy_repo/environment/path.dsv
[0.172s] -- Up-to-date: /home/harryzhao/autonomy_ws/install/autonomy_repo/share/autonomy_repo/local_setup.bash
[0.172s] -- Up-to-date: /home/harryzhao/autonomy_ws/install/autonomy_repo/share/autonomy_repo/local_setup.sh
[0.173s] -- Up-to-date: /home/harryzhao/autonomy_ws/install/autonomy_repo/share/autonomy_repo/local_setup.zsh
[0.173s] -- Up-to-date: /home/harryzhao/autonomy_ws/install/autonomy_repo/share/autonomy_repo/local_setup.dsv
[0.173s] -- Up-to-date: /home/harryzhao/autonomy_ws/install/autonomy_repo/share/autonomy_repo/package.dsv
[0.173s] -- Up-to-date: /home/harryzhao/autonomy_ws/install/autonomy_repo/share/ament_index/resource_index/packages/autonomy_repo
[0.173s] -- Up-to-date: /home/harryzhao/autonomy_ws/install/autonomy_repo/share/autonomy_repo/cmake/autonomy_repoConfig.cmake
[0.173s] -- Up-to-date: /home/harryzhao/autonomy_ws/install/autonomy_repo/share/autonomy_repo/cmake/autonomy_repoConfig-version.cmake
[0.173s] -- Up-to-date: /home/harryzhao/autonomy_ws/install/autonomy_repo/share/autonomy_repo/package.xml
[0.175s] Invoked command in '/home/harryzhao/autonomy_ws/build/autonomy_repo' returned '0': CMAKE_PREFIX_PATH=${CMAKE_PREFIX_PATH}:/opt/ros/humble /usr/bin/cmake --install /home/harryzhao/autonomy_ws/build/autonomy_repo
